Cross Validation Started (MindSpore Ascend NPU)

🚀 [Subject 00] 训练进度:
..................Sub 00: |████------------------------------------|  10% [020/200]
Sub 00: |████████--------------------------------|  20% [040/200]
Sub 00: |████████████----------------------------|  30% [060/200]
Sub 00: |████████████████------------------------|  40% [080/200]
Sub 00: |████████████████████--------------------|  50% [100/200]
Sub 00: |████████████████████████----------------|  60% [120/200]
Sub 00: |████████████████████████████------------|  70% [140/200]
Sub 00: |████████████████████████████████--------|  80% [160/200]
Sub 00: |████████████████████████████████████----|  90% [180/200]
Sub 00: |████████████████████████████████████████| 100% [200/200]
✅ Subject 00 训练完成 | 最终 ACC: 0.9556
-------------------------------------------------------

🚀 [Subject 01] 训练进度:
..Sub 01: |████------------------------------------|  10% [020/200]
Sub 01: |████████--------------------------------|  20% [040/200]
Sub 01: |████████████----------------------------|  30% [060/200]
Sub 01: |████████████████------------------------|  40% [080/200]
Sub 01: |████████████████████████████████████████| 100% [094/200] (Early Stop: 1.0)
✅ Subject 01 训练完成 | 最终 ACC: 1.0000
-------------------------------------------------------

🚀 [Subject 02] 训练进度:
..Sub 02: |████------------------------------------|  10% [020/200]
Sub 02: |████████--------------------------------|  20% [040/200]
Sub 02: |████████████----------------------------|  30% [060/200]
Sub 02: |████████████████------------------------|  40% [080/200]
Sub 02: |████████████████████--------------------|  50% [100/200]
Sub 02: |████████████████████████----------------|  60% [120/200]
Sub 02: |████████████████████████████------------|  70% [140/200]
Sub 02: |████████████████████████████████--------|  80% [160/200]
Sub 02: |████████████████████████████████████----|  90% [180/200]
Sub 02: |████████████████████████████████████████| 100% [200/200]
✅ Subject 02 训练完成 | 最终 ACC: 0.9111
-------------------------------------------------------

🚀 [Subject 03] 训练进度:
..Sub 03: |████------------------------------------|  10% [020/200]
Sub 03: |████████--------------------------------|  20% [040/200]
Sub 03: |████████████----------------------------|  30% [060/200]
Sub 03: |████████████████------------------------|  40% [080/200]
Sub 03: |████████████████████--------------------|  50% [100/200]
Sub 03: |████████████████████████----------------|  60% [120/200]
Sub 03: |████████████████████████████------------|  70% [140/200]
Sub 03: |████████████████████████████████--------|  80% [160/200]
Sub 03: |████████████████████████████████████----|  90% [180/200]
Sub 03: |████████████████████████████████████████| 100% [200/200]
✅ Subject 03 训练完成 | 最终 ACC: 0.9556
-------------------------------------------------------

🚀 [Subject 04] 训练进度:
..Sub 04: |████------------------------------------|  10% [020/200]
Sub 04: |████████--------------------------------|  20% [040/200]
Sub 04: |████████████----------------------------|  30% [060/200]
Sub 04: |████████████████------------------------|  40% [080/200]
Sub 04: |████████████████████--------------------|  50% [100/200]
Sub 04: |████████████████████████----------------|  60% [120/200]
Sub 04: |████████████████████████████------------|  70% [140/200]
Sub 04: |████████████████████████████████--------|  80% [160/200]
Sub 04: |████████████████████████████████████----|  90% [180/200]
Sub 04: |████████████████████████████████████████| 100% [200/200]
✅ Subject 04 训练完成 | 最终 ACC: 0.9778
-------------------------------------------------------

🚀 [Subject 05] 训练进度:
..Sub 05: |████------------------------------------|  10% [020/200]
Sub 05: |████████████████████████████████████████| 100% [024/200] (Early Stop: 1.0)
✅ Subject 05 训练完成 | 最终 ACC: 1.0000
-------------------------------------------------------

🚀 [Subject 06] 训练进度:
..Sub 06: |████------------------------------------|  10% [020/200]
Sub 06: |████████--------------------------------|  20% [040/200]
Sub 06: |████████████----------------------------|  30% [060/200]
Sub 06: |████████████████------------------------|  40% [080/200]
Sub 06: |████████████████████--------------------|  50% [100/200]
Sub 06: |████████████████████████----------------|  60% [120/200]
Sub 06: |████████████████████████████------------|  70% [140/200]
Sub 06: |████████████████████████████████--------|  80% [160/200]
Sub 06: |████████████████████████████████████----|  90% [180/200]
Sub 06: |████████████████████████████████████████| 100% [200/200]
✅ Subject 06 训练完成 | 最终 ACC: 1.0000
-------------------------------------------------------

🚀 [Subject 07] 训练进度:
..Sub 07: |████------------------------------------|  10% [020/200]
Sub 07: |████████--------------------------------|  20% [040/200]
Sub 07: |████████████----------------------------|  30% [060/200]
Sub 07: |████████████████------------------------|  40% [080/200]
Sub 07: |████████████████████--------------------|  50% [100/200]
Sub 07: |████████████████████████----------------|  60% [120/200]
Sub 07: |████████████████████████████------------|  70% [140/200]
Sub 07: |████████████████████████████████--------|  80% [160/200]
Sub 07: |████████████████████████████████████----|  90% [180/200]
Sub 07: |████████████████████████████████████████| 100% [200/200]
✅ Subject 07 训练完成 | 最终 ACC: 0.9778
-------------------------------------------------------

🚀 [Subject 08] 训练进度:
..Sub 08: |████------------------------------------|  10% [020/200]
Sub 08: |████████--------------------------------|  20% [040/200]
Sub 08: |████████████----------------------------|  30% [060/200]
Sub 08: |████████████████------------------------|  40% [080/200]
Sub 08: |████████████████████--------------------|  50% [100/200]
Sub 08: |████████████████████████----------------|  60% [120/200]
Sub 08: |████████████████████████████------------|  70% [140/200]
Sub 08: |████████████████████████████████--------|  80% [160/200]
Sub 08: |████████████████████████████████████----|  90% [180/200]
Sub 08: |████████████████████████████████████████| 100% [200/200]
✅ Subject 08 训练完成 | 最终 ACC: 0.9556
-------------------------------------------------------

🚀 [Subject 09] 训练进度:
..Sub 09: |████------------------------------------|  10% [020/200]
Sub 09: |████████--------------------------------|  20% [040/200]
Sub 09: |████████████----------------------------|  30% [060/200]
Sub 09: |████████████████------------------------|  40% [080/200]
Sub 09: |████████████████████--------------------|  50% [100/200]
Sub 09: |████████████████████████----------------|  60% [120/200]
Sub 09: |████████████████████████████------------|  70% [140/200]
Sub 09: |████████████████████████████████--------|  80% [160/200]
Sub 09: |████████████████████████████████████----|  90% [180/200]
Sub 09: |████████████████████████████████████████| 100% [200/200]
✅ Subject 09 训练完成 | 最终 ACC: 0.9333
-------------------------------------------------------

🚀 [Subject 10] 训练进度:
..Sub 10: |████------------------------------------|  10% [020/200]
Sub 10: |████████████████████████████████████████| 100% [027/200] (Early Stop: 1.0)
✅ Subject 10 训练完成 | 最终 ACC: 1.0000
-------------------------------------------------------

🚀 [Subject 11] 训练进度:
..Sub 11: |████------------------------------------|  10% [020/200]
Sub 11: |████████--------------------------------|  20% [040/200]
Sub 11: |████████████----------------------------|  30% [060/200]
Sub 11: |████████████████------------------------|  40% [080/200]
Sub 11: |████████████████████--------------------|  50% [100/200]
Sub 11: |████████████████████████----------------|  60% [120/200]
Sub 11: |████████████████████████████------------|  70% [140/200]
Sub 11: |████████████████████████████████--------|  80% [160/200]
Sub 11: |████████████████████████████████████----|  90% [180/200]
Sub 11: |████████████████████████████████████████| 100% [200/200]
✅ Subject 11 训练完成 | 最终 ACC: 0.9333
-------------------------------------------------------

🚀 [Subject 12] 训练进度:
..Sub 12: |████------------------------------------|  10% [020/200]
Sub 12: |████████████████████████████████████████| 100% [038/200] (Early Stop: 1.0)
✅ Subject 12 训练完成 | 最终 ACC: 1.0000
-------------------------------------------------------

🚀 [Subject 13] 训练进度:
..Sub 13: |████------------------------------------|  10% [020/200]
Sub 13: |████████--------------------------------|  20% [040/200]
Sub 13: |████████████----------------------------|  30% [060/200]
Sub 13: |████████████████------------------------|  40% [080/200]
Sub 13: |████████████████████--------------------|  50% [100/200]
Sub 13: |████████████████████████----------------|  60% [120/200]
Sub 13: |████████████████████████████------------|  70% [140/200]
Sub 13: |████████████████████████████████--------|  80% [160/200]
Sub 13: |████████████████████████████████████----|  90% [180/200]
Sub 13: |████████████████████████████████████████| 100% [200/200]
✅ Subject 13 训练完成 | 最终 ACC: 0.9778
-------------------------------------------------------

🚀 [Subject 14] 训练进度:
..Sub 14: |████------------------------------------|  10% [020/200]
Sub 14: |████████--------------------------------|  20% [040/200]
Sub 14: |████████████----------------------------|  30% [060/200]
Sub 14: |████████████████------------------------|  40% [080/200]
Sub 14: |████████████████████--------------------|  50% [100/200]
Sub 14: |████████████████████████----------------|  60% [120/200]
Sub 14: |████████████████████████████------------|  70% [140/200]
Sub 14: |████████████████████████████████--------|  80% [160/200]
Sub 14: |████████████████████████████████████----|  90% [180/200]
Sub 14: |████████████████████████████████████████| 100% [200/200]
✅ Subject 14 训练完成 | 最终 ACC: 0.9778
-------------------------------------------------------

========================================
      Individual Subject Results       
========================================
Subject 00: Acc = 0.9556
Subject 01: Acc = 1.0000
Subject 02: Acc = 0.9111
Subject 03: Acc = 0.9556
Subject 04: Acc = 0.9778
Subject 05: Acc = 1.0000
Subject 06: Acc = 1.0000
Subject 07: Acc = 0.9778
Subject 08: Acc = 0.9556
Subject 09: Acc = 0.9333
Subject 10: Acc = 1.0000
Subject 11: Acc = 0.9333
Subject 12: Acc = 1.0000
Subject 13: Acc = 0.9778
Subject 14: Acc = 0.9778
----------------------------------------

=== Final Experiment Results ===
Mean Vacc: 0.9704 ± 0.0277
